<?xml version="1.0" encoding="UTF-8"?>
<!-- Generated by org.testng.reporters.JUnitReportReporter -->
<testsuite hostname="JayanthMacBook.local" name="com.jayanth.testcases.Test1" tests="2" failures="0" timestamp="11 Dec 2020 15:02:24 GMT" time="17.442" errors="0">
  <testcase name="test1" time="6.877" classname="com.jayanth.testcases.Test1"/>
  <testcase name="test1Verifytitle" time="10.565" classname="com.jayanth.testcases.Test1"/>
</testsuite> <!-- com.jayanth.testcases.Test1 -->
